\BOOKMARK [0][-]{section*.1}{\315ndice general}{}% 1
\BOOKMARK [0][-]{section*.2}{\315ndice de figuras}{}% 2
\BOOKMARK [0][-]{section*.3}{\315ndice de tablas}{}% 3
\BOOKMARK [0][-]{chapter*.4}{Introducci\363n}{}% 4
\BOOKMARK [1][-]{section.1.1}{Estructura de la memoria}{chapter*.4}% 5
\BOOKMARK [1][-]{section.1.2}{Materiales adjuntos}{chapter*.4}% 6
\BOOKMARK [0][-]{chapter*.5}{Objetivos del proyecto}{}% 7
\BOOKMARK [1][-]{section.2.1}{Objetivos generales}{chapter*.5}% 8
\BOOKMARK [1][-]{section.2.2}{Objetivos t\351cnicos}{chapter*.5}% 9
\BOOKMARK [1][-]{section.2.3}{Objetivos personales}{chapter*.5}% 10
\BOOKMARK [0][-]{chapter*.6}{Conceptos te\363ricos}{}% 11
\BOOKMARK [1][-]{section.3.1}{Geolocalizaci\363n}{chapter*.6}% 12
\BOOKMARK [1][-]{section.3.2}{Formatos gr\341ficos escalables}{chapter*.6}% 13
\BOOKMARK [1][-]{section.3.3}{Lenguajes de etiquetas}{chapter*.6}% 14
\BOOKMARK [0][-]{chapter*.15}{T\351cnicas y herramientas}{}% 15
\BOOKMARK [1][-]{section.4.1}{HTML5}{chapter*.15}% 16
\BOOKMARK [1][-]{section.4.2}{CSS3}{chapter*.15}% 17
\BOOKMARK [1][-]{section.4.3}{JavaScript}{chapter*.15}% 18
\BOOKMARK [1][-]{section.4.4}{AngularJS}{chapter*.15}% 19
\BOOKMARK [1][-]{section.4.5}{Bower}{chapter*.15}% 20
\BOOKMARK [1][-]{section.4.6}{Grunt}{chapter*.15}% 21
\BOOKMARK [1][-]{section.4.7}{JSON}{chapter*.15}% 22
\BOOKMARK [1][-]{section.4.8}{Node.js}{chapter*.15}% 23
\BOOKMARK [1][-]{section.4.9}{python}{chapter*.15}% 24
\BOOKMARK [1][-]{section.4.10}{Git}{chapter*.15}% 25
\BOOKMARK [1][-]{section.4.11}{Latex}{chapter*.15}% 26
\BOOKMARK [1][-]{section.4.12}{Heroku}{chapter*.15}% 27
\BOOKMARK [1][-]{section.4.13}{Firebase}{chapter*.15}% 28
\BOOKMARK [0][-]{chapter*.16}{Aspectos relevantes del desarrollo del proyecto}{}% 29
\BOOKMARK [1][-]{section.5.1}{An\341lisis e investigaci\363n de la aplicaci\363n }{chapter*.16}% 30
\BOOKMARK [1][-]{section.5.2}{Viewer}{chapter*.16}% 31
\BOOKMARK [1][-]{section.5.3}{Heroku}{chapter*.16}% 32
\BOOKMARK [1][-]{section.5.4}{Firebase}{chapter*.16}% 33
\BOOKMARK [1][-]{section.5.5}{Architect}{chapter*.16}% 34
\BOOKMARK [1][-]{section.5.6}{Otros problemas}{chapter*.16}% 35
\BOOKMARK [0][-]{chapter*.17}{Trabajos relacionados}{}% 36
\BOOKMARK [1][-]{section.6.1}{Google Maps}{chapter*.17}% 37
\BOOKMARK [1][-]{section.6.2}{AnyPlace}{chapter*.17}% 38
\BOOKMARK [1][-]{section.6.3}{goindoor}{chapter*.17}% 39
\BOOKMARK [0][-]{chapter*.18}{Conclusiones y L\355neas de trabajo futuras}{}% 40
\BOOKMARK [0][-]{section*.20}{Bibliograf\355a}{}% 41
